0 info it worked if it ends with ok
1 verbose cli [ '/usr/local/bin/node',
1 verbose cli   '/usr/local/bin/npm',
1 verbose cli   'install',
1 verbose cli   '--save',
1 verbose cli   'os' ]
2 info using npm@2.11.2
3 info using node@v0.12.5
4 verbose install initial load of /Users/Lucas/Documents/robotf2/package.json
5 warn package.json robotf2@1.0.0 No repository field.
6 verbose installManyTop reading scoped package data from /Users/Lucas/Documents/robotf2/node_modules/dns/package.json
7 verbose installManyTop reading scoped package data from /Users/Lucas/Documents/robotf2/node_modules/ejs/package.json
8 verbose installManyTop reading scoped package data from /Users/Lucas/Documents/robotf2/node_modules/express/package.json
9 verbose installManyTop reading scoped package data from /Users/Lucas/Documents/robotf2/node_modules/http/package.json
10 verbose installManyTop reading scoped package data from /Users/Lucas/Documents/robotf2/node_modules/open/package.json
11 verbose installManyTop reading scoped package data from /Users/Lucas/Documents/robotf2/node_modules/robotjs/package.json
12 verbose installManyTop reading scoped package data from /Users/Lucas/Documents/robotf2/node_modules/socket.io/package.json
13 info package.json http@0.0.0 http is also the name of a node core module.
14 info package.json http@0.0.0 No description
15 info package.json http@0.0.0 No repository field.
16 info package.json dns@0.2.2 dns is also the name of a node core module.
17 verbose readDependencies loading dependencies from /Users/Lucas/Documents/robotf2/package.json
18 silly cache add args [ 'os', null ]
19 verbose cache add spec os
20 silly cache add parsed spec { raw: 'os',
20 silly cache add   scope: null,
20 silly cache add   name: 'os',
20 silly cache add   rawSpec: '',
20 silly cache add   spec: '*',
20 silly cache add   type: 'range' }
21 silly addNamed os@*
22 verbose addNamed "*" is a valid semver range for os
23 silly addNameRange { name: 'os', range: '*', hasData: false }
24 silly mapToRegistry name os
25 silly mapToRegistry using default registry
26 silly mapToRegistry registry https://registry.npmjs.org/
27 silly mapToRegistry uri https://registry.npmjs.org/os
28 verbose addNameRange registry:https://registry.npmjs.org/os not in flight; fetching
29 verbose request uri https://registry.npmjs.org/os
30 verbose request no auth needed
31 info attempt registry request try #1 at 10:02:11 AM
32 verbose request id 0fbf7aad30d507d9
33 http request GET https://registry.npmjs.org/os
34 http 404 https://registry.npmjs.org/os
35 verbose headers { 'content-type': 'application/json',
35 verbose headers   'cache-control': 'max-age=0',
35 verbose headers   'content-length': '2',
35 verbose headers   'accept-ranges': 'bytes',
35 verbose headers   date: 'Mon, 12 Oct 2015 17:02:12 GMT',
35 verbose headers   via: '1.1 varnish',
35 verbose headers   age: '0',
35 verbose headers   connection: 'keep-alive',
35 verbose headers   'x-served-by': 'cache-sjc3134-SJC',
35 verbose headers   'x-cache': 'MISS',
35 verbose headers   'x-cache-hits': '0',
35 verbose headers   'x-timer': 'S1444669332.397099,VS0,VE90' }
36 silly get cb [ 404,
36 silly get   { 'content-type': 'application/json',
36 silly get     'cache-control': 'max-age=0',
36 silly get     'content-length': '2',
36 silly get     'accept-ranges': 'bytes',
36 silly get     date: 'Mon, 12 Oct 2015 17:02:12 GMT',
36 silly get     via: '1.1 varnish',
36 silly get     age: '0',
36 silly get     connection: 'keep-alive',
36 silly get     'x-served-by': 'cache-sjc3134-SJC',
36 silly get     'x-cache': 'MISS',
36 silly get     'x-cache-hits': '0',
36 silly get     'x-timer': 'S1444669332.397099,VS0,VE90' } ]
37 verbose stack Error: Registry returned 404 for GET on https://registry.npmjs.org/os
37 verbose stack     at CachingRegistryClient.<anonymous> (/usr/local/lib/node_modules/npm/node_modules/npm-registry-client/lib/request.js:239:14)
37 verbose stack     at Request._callback (/usr/local/lib/node_modules/npm/node_modules/npm-registry-client/lib/request.js:170:14)
37 verbose stack     at Request.self.callback (/usr/local/lib/node_modules/npm/node_modules/request/request.js:354:22)
37 verbose stack     at Request.emit (events.js:110:17)
37 verbose stack     at Request.<anonymous> (/usr/local/lib/node_modules/npm/node_modules/request/request.js:1207:14)
37 verbose stack     at Request.emit (events.js:129:20)
37 verbose stack     at IncomingMessage.<anonymous> (/usr/local/lib/node_modules/npm/node_modules/request/request.js:1153:12)
37 verbose stack     at IncomingMessage.emit (events.js:129:20)
37 verbose stack     at _stream_readable.js:908:16
37 verbose stack     at process._tickCallback (node.js:355:11)
38 verbose statusCode 404
39 verbose pkgid os
40 verbose cwd /Users/Lucas/Documents/robotf2
41 error Darwin 15.0.0
42 error argv "/usr/local/bin/node" "/usr/local/bin/npm" "install" "--save" "os"
43 error node v0.12.5
44 error npm  v2.11.2
45 error code E404
46 error 404 Registry returned 404 for GET on https://registry.npmjs.org/os
46 error 404
46 error 404 'os' is not in the npm registry.
46 error 404 Your package name is not valid, because
46 error 404
46 error 404  1. os is a core module name
46 error 404 It was specified as a dependency of 'robotf2'
46 error 404
46 error 404 Note that you can also install from a
46 error 404 tarball, folder, http url, or git url.
47 verbose exit [ 1, true ]
